{
  "HumanEval_24/DeepSeek_CoT_k0": [
    {
      "iteration": 0,
      "line": 50.0,
      "branch": 0.0
    },
    {
      "iteration": 1,
      "line": 100.0,
      "branch": 0.0,
      "stdout": "FFFFF                                                                    [100%]\n=================================== FAILURES ===================================\n______________________________ test_prime_number _______________________________\n\n    def test_prime_number():\n        # Prime numbers have no divisors other than 1 and itself\n>       assert largest_divisor(29) == \"No Larger divisor found\"\n               ^^^^^^^^^^^^^^^^^^^\n\ntests/test_solution.py:9: \n_ _ _ _ _ _ _ _ _ _ _ _ _ _ _ _ _ _ _ _ _ _ _ _ _ _ _ _ _ _ _ _ _ _ _ _ _ _ _ _ \n\nn = 29\n\n    def largest_divisor(n: int) -> str : #changed the function's type hint from 'int'->str, as we want to output a string not an integer in our case\n        \"\"\" For given input n find all factors of that number and return maximum factor. This is tricky part will be ignored for final implementation but here it serves purpose.\"\"\"\n    \n        # Initialize the list with first divisor which would always equal '1' as per definition, no need to check further\n        largest_divisors = [i for i in range(2 , int(n**0.5) + 1 ) if n % i == 0 ]\n    \n        # Append the larger factors after finding smaller ones because a number can have more than one divisor, so we need to find all of them\n>       largest_divisors += [i for i in range(largest_divisors[-1] , int(n/2) + 1 , -1 ) if n % i == 0 ]\n                                            ^^^^^^^^^^^^^^^^^^^^\nE       IndexError: list index out of range\n\nsrc/solution.py:8: IndexError\n_____________________________ test_perfect_square ______________________________\n\n    def test_perfect_square():\n        # Perfect squares can test sqrt(n) boundary (sqrt(36) = 6)\n>       assert largest_divisor(36) == \"18\"\nE       AssertionError: assert 'No Larger divisor found' == '18'\nE         \nE         - 18\nE         + No Larger divisor found\n\ntests/test_solution.py:13: AssertionError\n----------------------------- Captured stdout call -----------------------------\nLargest Divisible Number:  No Larger divisor found\n_____________________ test_even_number_with_many_divisors ______________________\n\n    def test_even_number_with_many_divisors():\n        # Should return the largest divisor correctly\n>       assert largest_divisor(100) == \"50\"\nE       AssertionError: assert 'No Larger divisor found' == '50'\nE         \nE         - 50\nE         + No Larger divisor found\n\ntests/test_solution.py:17: AssertionError\n----------------------------- Captured stdout call -----------------------------\nLargest Divisible Number:  No Larger divisor found\n_______________________ test_smallest_non_trivial_input ________________________\n\n    def test_smallest_non_trivial_input():\n        # Smallest non-prime > 1, with a divisor\n>       assert largest_divisor(4) == \"2\"\nE       AssertionError: assert 'No Larger divisor found' == '2'\nE         \nE         - 2\nE         + No Larger divisor found\n\ntests/test_solution.py:21: AssertionError\n----------------------------- Captured stdout call -----------------------------\nLargest Divisible Number:  No Larger divisor found\n___________________________ test_invalid_zero_input ____________________________\n\n    def test_invalid_zero_input():\n        # Zero input, which is undefined for division\n        with pytest.raises(ZeroDivisionError):\n>           largest_divisor(0)\n\ntests/test_solution.py:26: \n_ _ _ _ _ _ _ _ _ _ _ _ _ _ _ _ _ _ _ _ _ _ _ _ _ _ _ _ _ _ _ _ _ _ _ _ _ _ _ _ \n\nn = 0\n\n    def largest_divisor(n: int) -> str : #changed the function's type hint from 'int'->str, as we want to output a string not an integer in our case\n        \"\"\" For given input n find all factors of that number and return maximum factor. This is tricky part will be ignored for final implementation but here it serves purpose.\"\"\"\n    \n        # Initialize the list with first divisor which would always equal '1' as per definition, no need to check further\n        largest_divisors = [i for i in range(2 , int(n**0.5) + 1 ) if n % i == 0 ]\n    \n        # Append the larger fact"
    },
    {
      "iteration": 2,
      "line": 100.0,
      "branch": 0.0,
      "stdout": "FFFFF                                                                    [100%]\n=================================== FAILURES ===================================\n___________________________ test_large_prime_number ____________________________\n\n    def test_large_prime_number():\n        # Prime number edge case near 1000\n>       assert largest_divisor(997) == \"No Larger divisor found\"\n               ^^^^^^^^^^^^^^^^^^^^\n\ntests/test_solution.py:6: \n_ _ _ _ _ _ _ _ _ _ _ _ _ _ _ _ _ _ _ _ _ _ _ _ _ _ _ _ _ _ _ _ _ _ _ _ _ _ _ _ \n\nn = 997\n\n    def largest_divisor(n: int) -> str : #changed the function's type hint from 'int'->str, as we want to output a string not an integer in our case\n        \"\"\" For given input n find all factors of that number and return maximum factor. This is tricky part will be ignored for final implementation but here it serves purpose.\"\"\"\n    \n        # Initialize the list with first divisor which would always equal '1' as per definition, no need to check further\n        largest_divisors = [i for i in range(2 , int(n**0.5) + 1 ) if n % i == 0 ]\n    \n        # Append the larger factors after finding smaller ones because a number can have more than one divisor, so we need to find all of them\n>       largest_divisors += [i for i in range(largest_divisors[-1] , int(n/2) + 1 , -1 ) if n % i == 0 ]\n                                            ^^^^^^^^^^^^^^^^^^^^\nE       IndexError: list index out of range\n\nsrc/solution.py:8: IndexError\n______________________________ test_power_of_two _______________________________\n\n    def test_power_of_two():\n        # Powers of 2 have multiple divisors, max should be n/2\n>       assert largest_divisor(64) == \"32\"\nE       AssertionError: assert 'No Larger divisor found' == '32'\nE         \nE         - 32\nE         + No Larger divisor found\n\ntests/test_solution.py:10: AssertionError\n----------------------------- Captured stdout call -----------------------------\nLargest Divisible Number:  No Larger divisor found\n______________________________ test_input_is_one _______________________________\n\n    def test_input_is_one():\n        # 1 has no divisors other than itself\n>       assert largest_divisor(1) == \"No Larger divisor found\"\n               ^^^^^^^^^^^^^^^^^^\n\ntests/test_solution.py:14: \n_ _ _ _ _ _ _ _ _ _ _ _ _ _ _ _ _ _ _ _ _ _ _ _ _ _ _ _ _ _ _ _ _ _ _ _ _ _ _ _ \n\nn = 1\n\n    def largest_divisor(n: int) -> str : #changed the function's type hint from 'int'->str, as we want to output a string not an integer in our case\n        \"\"\" For given input n find all factors of that number and return maximum factor. This is tricky part will be ignored for final implementation but here it serves purpose.\"\"\"\n    \n        # Initialize the list with first divisor which would always equal '1' as per definition, no need to check further\n        largest_divisors = [i for i in range(2 , int(n**0.5) + 1 ) if n % i == 0 ]\n    \n        # Append the larger factors after finding smaller ones because a number can have more than one divisor, so we need to find all of them\n>       largest_divisors += [i for i in range(largest_divisors[-1] , int(n/2) + 1 , -1 ) if n % i == 0 ]\n                                            ^^^^^^^^^^^^^^^^^^^^\nE       IndexError: list index out of range\n\nsrc/solution.py:8: IndexError\n_____________________________ test_negative_number _____________________________\n\n    def test_negative_number():\n        # Should ideally return \"No Larger divisor found\" or raise an error\n>       assert largest_divisor(-20) == \"No Larger divisor found\"\n               ^^^^^^^^^^^^^^^^^^^^\n\ntests/test_solution.py:18: \n_ _ _ _ _ _ _ _ _ _ _ _ _ _ _ _ _ _ _ _ _ _ _ _ _ _ _ _ _ _ _ _ _ _ _ _ _ _ _ _ \n\nn = -20\n\n    def largest_divisor(n: int) -> str : #changed the function's type hint from 'int'->str, as we want to output a string not an integer in our case\n        \"\"\" For given input n find all factors of that number and return maximum factor. This is tricky part will be ignored for final implem"
    },
    {
      "iteration": 3,
      "line": 100.0,
      "branch": 0.0,
      "stdout": "FFF                                                                      [100%]\n=================================== FAILURES ===================================\n______________________________ test_input_is_two _______________________________\n\n    def test_input_is_two():\n        # Edge case: smallest even prime number (only divisors are 1 and 2)\n>       assert largest_divisor(2) == \"No Larger divisor found\"\n               ^^^^^^^^^^^^^^^^^^\n\ntests/test_solution.py:6: \n_ _ _ _ _ _ _ _ _ _ _ _ _ _ _ _ _ _ _ _ _ _ _ _ _ _ _ _ _ _ _ _ _ _ _ _ _ _ _ _ \n\nn = 2\n\n    def largest_divisor(n: int) -> str : #changed the function's type hint from 'int'->str, as we want to output a string not an integer in our case\n        \"\"\" For given input n find all factors of that number and return maximum factor. This is tricky part will be ignored for final implementation but here it serves purpose.\"\"\"\n    \n        # Initialize the list with first divisor which would always equal '1' as per definition, no need to check further\n        largest_divisors = [i for i in range(2 , int(n**0.5) + 1 ) if n % i == 0 ]\n    \n        # Append the larger factors after finding smaller ones because a number can have more than one divisor, so we need to find all of them\n>       largest_divisors += [i for i in range(largest_divisors[-1] , int(n/2) + 1 , -1 ) if n % i == 0 ]\n                                            ^^^^^^^^^^^^^^^^^^^^\nE       IndexError: list index out of range\n\nsrc/solution.py:8: IndexError\n___________________ test_input_with_multiple_close_divisors ____________________\n\n    def test_input_with_multiple_close_divisors():\n        # 105 = 3 * 5 * 7; expects largest proper divisor < 105 to be 105 / 3 = 35\n>       assert largest_divisor(105) == \"35\"\nE       AssertionError: assert 'No Larger divisor found' == '35'\nE         \nE         - 35\nE         + No Larger divisor found\n\ntests/test_solution.py:10: AssertionError\n----------------------------- Captured stdout call -----------------------------\nLargest Divisible Number:  No Larger divisor found\n_____________________________ test_gap_in_divisors _____________________________\n\n    def test_gap_in_divisors():\n        # 121 = 11^2; only divisors are 1, 11 \u2014 tests how square numbers with large gaps behave\n>       assert largest_divisor(121) == \"11\"\nE       AssertionError: assert 'No Larger divisor found' == '11'\nE         \nE         - 11\nE         + No Larger divisor found\n\ntests/test_solution.py:14: AssertionError\n----------------------------- Captured stdout call -----------------------------\nLargest Divisible Number:  No Larger divisor found\n================================ tests coverage ================================\n_______________ coverage: platform darwin, python 3.13.7-final-0 _______________\n\nName              Stmts   Miss Branch BrPart  Cover\n---------------------------------------------------\nsrc/solution.py       6      0      0      0   100%\n---------------------------------------------------\nTOTAL                 6      0      0      0   100%\n=========================== short test summary info ============================\nFAILED tests/test_solution.py::test_input_is_two - IndexError: list index out...\nFAILED tests/test_solution.py::test_input_with_multiple_close_divisors - Asse...\nFAILED tests/test_solution.py::test_gap_in_divisors - AssertionError: assert ...\n3 failed in 0.02s\n\n"
    }
  ],
  "HumanEval_125/DeepSeek_Checklist_k0": [
    {
      "iteration": 0,
      "line": 45.0,
      "branch": 0.0
    },
    {
      "iteration": 1,
      "line": 91.0,
      "branch": 0.0,
      "stdout": "FF.F.                                                                    [100%]\n=================================== FAILURES ===================================\n____________________________ test_with_only_spaces _____________________________\n\n    def test_with_only_spaces():\n        # Edge case: input is just spaces\n>       assert split_words(\"     \") == ['']\n               ^^^^^^^^^^^^^^^^^^^^\n\ntests/test_solution.py:9: \n_ _ _ _ _ _ _ _ _ _ _ _ _ _ _ _ _ _ _ _ _ _ _ _ _ _ _ _ _ _ _ _ _ _ _ _ _ _ _ _ \n\ntxt = '     '\n\n    def split_words(txt):\n        # Check for white spaces or comma's and return list of words if found, else the number of upper case characters starting from 'A'->'Z'.\n        try:\n            txt.index(' ')\n>           splitted = [word for word in re.split(r'\\W+',txt)]   # Split on whitespace and commas using regex  \\w matches any alphanumeric character or underscore, + means one or more of the preceding element\n                                      ^^\nE           NameError: name 're' is not defined. Did you forget to import 're'?\n\nsrc/solution.py:5: NameError\n____________________________ test_with_only_commas _____________________________\n\ntxt = ',,,'\n\n    def split_words(txt):\n        # Check for white spaces or comma's and return list of words if found, else the number of upper case characters starting from 'A'->'Z'.\n        try:\n>           txt.index(' ')\nE           ValueError: substring not found\n\nsrc/solution.py:4: ValueError\n\nDuring handling of the above exception, another exception occurred:\n\n    def test_with_only_commas():\n        # Edge case: input is just commas\n>       assert split_words(\",,,\") == ['']\n               ^^^^^^^^^^^^^^^^^^\n\ntests/test_solution.py:13: \n_ _ _ _ _ _ _ _ _ _ _ _ _ _ _ _ _ _ _ _ _ _ _ _ _ _ _ _ _ _ _ _ _ _ _ _ _ _ _ _ \n\ntxt = ',,,'\n\n    def split_words(txt):\n        # Check for white spaces or comma's and return list of words if found, else the number of upper case characters starting from 'A'->'Z'.\n        try:\n            txt.index(' ')\n            splitted = [word for word in re.split(r'\\W+',txt)]   # Split on whitespace and commas using regex  \\w matches any alphanumeric character or underscore, + means one or more of the preceding element\n    \n        except ValueError:\n            try:\n                txt.index(',')\n>               splitted = [word for word in re.split('[^A-Za-z0-9]+',txt)]  # Split on commas using regex, ' + means one or more of the preceding element\n                                           ^^\nE               NameError: name 're' is not defined. Did you forget to import 're'?\n\nsrc/solution.py:10: NameError\n____________________________ test_with_symbols_only ____________________________\n\n    def test_with_symbols_only():\n        # No alphanumeric characters, but special symbols \u2013 should yield empty strings or skip\n>       assert split_words(\"!@#$%^&*()\") == ['']\nE       AssertionError: assert 0 == ['']\nE        +  where 0 = split_words('!@#$%^&*()')\n\ntests/test_solution.py:23: AssertionError\n================================ tests coverage ================================\n_______________ coverage: platform darwin, python 3.13.7-final-0 _______________\n\nName              Stmts   Miss Branch BrPart  Cover\n---------------------------------------------------\nsrc/solution.py      11      1      0      0    91%\n---------------------------------------------------\nTOTAL                11      1      0      0    91%\n=========================== short test summary info ============================\nFAILED tests/test_solution.py::test_with_only_spaces - NameError: name 're' i...\nFAILED tests/test_solution.py::test_with_only_commas - NameError: name 're' i...\nFAILED tests/test_solution.py::test_with_symbols_only - AssertionError: asser...\n3 failed, 2 passed in 0.02s\n\n"
    },
    {
      "iteration": 2,
      "line": 73.0,
      "branch": 0.0,
      "stdout": ".F...                                                                    [100%]\n=================================== FAILURES ===================================\n_________________________ test_with_tabs_and_newlines __________________________\n\n    def test_with_tabs_and_newlines():\n        # Input with tabs and newlines should be split like whitespace\n>       assert split_words(\"line1\\tline2\\nline3\") == ['line1', 'line2', 'line3']\nE       AssertionError: assert 6 == ['line1', 'line2', 'line3']\nE        +  where 6 = split_words('line1\\tline2\\nline3')\n\ntests/test_solution.py:13: AssertionError\n================================ tests coverage ================================\n_______________ coverage: platform darwin, python 3.13.7-final-0 _______________\n\nName              Stmts   Miss Branch BrPart  Cover\n---------------------------------------------------\nsrc/solution.py      11      3      0      0    73%\n---------------------------------------------------\nTOTAL                11      3      0      0    73%\n=========================== short test summary info ============================\nFAILED tests/test_solution.py::test_with_tabs_and_newlines - AssertionError: ...\n1 failed, 4 passed in 0.02s\n\n"
    },
    {
      "iteration": 3,
      "line": 91.0,
      "branch": 0.0,
      "stdout": "FF.                                                                      [100%]\n=================================== FAILURES ===================================\n_________________________ test_single_comma_edge_case __________________________\n\ntxt = ','\n\n    def split_words(txt):\n        # Check for white spaces or comma's and return list of words if found, else the number of upper case characters starting from 'A'->'Z'.\n        try:\n>           txt.index(' ')\nE           ValueError: substring not found\n\nsrc/solution.py:4: ValueError\n\nDuring handling of the above exception, another exception occurred:\n\n    def test_single_comma_edge_case():\n        # Single comma should go into the second try block and return two empty strings split\n>       assert split_words(\",\") == ['', '']\n               ^^^^^^^^^^^^^^^^\n\ntests/test_solution.py:9: \n_ _ _ _ _ _ _ _ _ _ _ _ _ _ _ _ _ _ _ _ _ _ _ _ _ _ _ _ _ _ _ _ _ _ _ _ _ _ _ _ \n\ntxt = ','\n\n    def split_words(txt):\n        # Check for white spaces or comma's and return list of words if found, else the number of upper case characters starting from 'A'->'Z'.\n        try:\n            txt.index(' ')\n            splitted = [word for word in re.split(r'\\W+',txt)]   # Split on whitespace and commas using regex  \\w matches any alphanumeric character or underscore, + means one or more of the preceding element\n    \n        except ValueError:\n            try:\n                txt.index(',')\n>               splitted = [word for word in re.split('[^A-Za-z0-9]+',txt)]  # Split on commas using regex, ' + means one or more of the preceding element\n                                           ^^\nE               NameError: name 're' is not defined. Did you forget to import 're'?\n\nsrc/solution.py:10: NameError\n______________________ test_single_word_with_space_suffix ______________________\n\n    def test_single_word_with_space_suffix():\n        # A single word followed by a space should still trigger the first try block\n>       assert split_words(\"hello \") == ['hello', '']\n               ^^^^^^^^^^^^^^^^^^^^^\n\ntests/test_solution.py:13: \n_ _ _ _ _ _ _ _ _ _ _ _ _ _ _ _ _ _ _ _ _ _ _ _ _ _ _ _ _ _ _ _ _ _ _ _ _ _ _ _ \n\ntxt = 'hello '\n\n    def split_words(txt):\n        # Check for white spaces or comma's and return list of words if found, else the number of upper case characters starting from 'A'->'Z'.\n        try:\n            txt.index(' ')\n>           splitted = [word for word in re.split(r'\\W+',txt)]   # Split on whitespace and commas using regex  \\w matches any alphanumeric character or underscore, + means one or more of the preceding element\n                                      ^^\nE           NameError: name 're' is not defined. Did you forget to import 're'?\n\nsrc/solution.py:5: NameError\n================================ tests coverage ================================\n_______________ coverage: platform darwin, python 3.13.7-final-0 _______________\n\nName              Stmts   Miss Branch BrPart  Cover\n---------------------------------------------------\nsrc/solution.py      11      1      0      0    91%\n---------------------------------------------------\nTOTAL                11      1      0      0    91%\n=========================== short test summary info ============================\nFAILED tests/test_solution.py::test_single_comma_edge_case - NameError: name ...\nFAILED tests/test_solution.py::test_single_word_with_space_suffix - NameError...\n2 failed, 1 passed in 0.02s\n\n"
    }
  ]
}